<?xml version="1.0" encoding="UTF-8"?>
<!-- Generated by org.testng.reporters.JUnitXMLReporter -->
<testsuite hostname="Sanjays-MacBook-Air.local" name="Test cases for Healthtap" tests="3" failures="0" timestamp="21 Apr 2019 19:36:41 GMT" time="16.613" errors="0">
  <testcase name="loginPageTitleTest" time="0.041" classname="com.htap.qa.testcases.LoginPageTest"/>
  <testcase name="testLogo" time="0.04" classname="com.htap.qa.testcases.LoginPageTest"/>
  <testcase name="checkLogin" time="0.985" classname="com.htap.qa.testcases.LoginPageTest"/>
</testsuite> <!-- Test cases for Healthtap -->
