<?xml version="1.0" encoding="UTF-8"?>
<!-- Generated by org.testng.reporters.JUnitXMLReporter -->
<testsuite hostname="Sanjays-MacBook-Air.local" name="Test cases for Healthtap regression" tests="11" failures="0" timestamp="21 Apr 2019 21:35:48 GMT" time="0.081" errors="0">
  <testcase name="@BeforeMethod setup" time="0.0" classname="com.htap.qa.testcases.LoginPageTest">
    <failure type="java.lang.NullPointerException">
      <![CDATA[java.lang.NullPointerException
	at com.htap.qa.base.TestBase.initialization(TestBase.java:46)
	at com.htap.qa.testcases.LoginPageTest.setup(LoginPageTest.java:22)
... Removed 26 stack frames]]>
    </failure>
  </testcase> <!-- @BeforeMethod setup -->
  <testcase name="@AfterMethod teardown" time="0.0" classname="com.htap.qa.testcases.LoginPageTest">
    <skipped/>
  </testcase> <!-- @AfterMethod teardown -->
  <testcase name="@BeforeMethod setup" time="0.0" classname="com.htap.qa.testcases.LoginPageTest">
    <skipped/>
  </testcase> <!-- @BeforeMethod setup -->
  <testcase name="@AfterMethod teardown" time="0.0" classname="com.htap.qa.testcases.LoginPageTest">
    <skipped/>
  </testcase> <!-- @AfterMethod teardown -->
  <testcase name="@BeforeMethod setup" time="0.0" classname="com.htap.qa.testcases.LoginPageTest">
    <skipped/>
  </testcase> <!-- @BeforeMethod setup -->
  <testcase name="@AfterMethod teardown" time="0.0" classname="com.htap.qa.testcases.LoginPageTest">
    <skipped/>
  </testcase> <!-- @AfterMethod teardown -->
  <testcase name="@BeforeMethod setup" time="0.0" classname="com.htap.qa.testcases.HomePageTest">
    <failure type="java.lang.NullPointerException">
      <![CDATA[java.lang.NullPointerException
	at com.htap.qa.base.TestBase.initialization(TestBase.java:46)
	at com.htap.qa.testcases.HomePageTest.setup(HomePageTest.java:27)
... Removed 26 stack frames]]>
    </failure>
  </testcase> <!-- @BeforeMethod setup -->
  <testcase name="@AfterMethod tearDown" time="0.0" classname="com.htap.qa.testcases.HomePageTest">
    <skipped/>
  </testcase> <!-- @AfterMethod tearDown -->
  <testcase name="@BeforeMethod setup" time="0.0" classname="com.htap.qa.testcases.HomePageTest">
    <skipped/>
  </testcase> <!-- @BeforeMethod setup -->
  <testcase name="@AfterMethod tearDown" time="0.0" classname="com.htap.qa.testcases.HomePageTest">
    <skipped/>
  </testcase> <!-- @AfterMethod tearDown -->
  <testcase name="@BeforeMethod setup" time="0.0" classname="com.htap.qa.testcases.HomePageTest">
    <skipped/>
  </testcase> <!-- @BeforeMethod setup -->
  <testcase name="@AfterMethod tearDown" time="0.0" classname="com.htap.qa.testcases.HomePageTest">
    <skipped/>
  </testcase> <!-- @AfterMethod tearDown -->
  <testcase name="@BeforeMethod setup" time="0.0" classname="com.htap.qa.testcases.HomePageTest">
    <skipped/>
  </testcase> <!-- @BeforeMethod setup -->
  <testcase name="@AfterMethod tearDown" time="0.0" classname="com.htap.qa.testcases.HomePageTest">
    <skipped/>
  </testcase> <!-- @AfterMethod tearDown -->
  <testcase name="@BeforeMethod setup" time="0.0" classname="com.htap.qa.testcases.HomePageTest">
    <skipped/>
  </testcase> <!-- @BeforeMethod setup -->
  <testcase name="@AfterMethod tearDown" time="0.0" classname="com.htap.qa.testcases.HomePageTest">
    <skipped/>
  </testcase> <!-- @AfterMethod tearDown -->
  <testcase name="@BeforeMethod setup" time="0.0" classname="com.htap.qa.testcases.AppointmentPageTest">
    <failure type="java.lang.NullPointerException">
      <![CDATA[java.lang.NullPointerException
	at com.htap.qa.base.TestBase.initialization(TestBase.java:46)
	at com.htap.qa.testcases.AppointmentPageTest.setup(AppointmentPageTest.java:25)
... Removed 26 stack frames]]>
    </failure>
  </testcase> <!-- @BeforeMethod setup -->
  <testcase name="@AfterMethod teardown" time="0.0" classname="com.htap.qa.testcases.AppointmentPageTest">
    <skipped/>
  </testcase> <!-- @AfterMethod teardown -->
  <testcase name="@BeforeMethod setup" time="0.0" classname="com.htap.qa.testcases.AppointmentPageTest">
    <skipped/>
  </testcase> <!-- @BeforeMethod setup -->
  <testcase name="@AfterMethod teardown" time="0.0" classname="com.htap.qa.testcases.AppointmentPageTest">
    <skipped/>
  </testcase> <!-- @AfterMethod teardown -->
  <testcase name="@BeforeMethod setup" time="0.0" classname="com.htap.qa.testcases.AppointmentPageTest">
    <skipped/>
  </testcase> <!-- @BeforeMethod setup -->
  <testcase name="@AfterMethod teardown" time="0.0" classname="com.htap.qa.testcases.AppointmentPageTest">
    <skipped/>
  </testcase> <!-- @AfterMethod teardown -->
  <testcase name="loginPageTitleTest" time="0.001" classname="com.htap.qa.testcases.LoginPageTest">
    <skipped/>
  </testcase> <!-- loginPageTitleTest -->
  <testcase name="testLogo" time="0.001" classname="com.htap.qa.testcases.LoginPageTest">
    <skipped/>
  </testcase> <!-- testLogo -->
  <testcase name="checkLogin" time="0.001" classname="com.htap.qa.testcases.LoginPageTest">
    <skipped/>
  </testcase> <!-- checkLogin -->
  <testcase name="verifyHomepageTitle" time="0.0" classname="com.htap.qa.testcases.HomePageTest">
    <skipped/>
  </testcase> <!-- verifyHomepageTitle -->
  <testcase name="verifylogo" time="0.001" classname="com.htap.qa.testcases.HomePageTest">
    <skipped/>
  </testcase> <!-- verifylogo -->
  <testcase name="checkUserlabel" time="0.001" classname="com.htap.qa.testcases.HomePageTest">
    <skipped/>
  </testcase> <!-- checkUserlabel -->
  <testcase name="clickTask" time="0.0" classname="com.htap.qa.testcases.HomePageTest">
    <skipped/>
  </testcase> <!-- clickTask -->
  <testcase name="clickAppt" time="0.0" classname="com.htap.qa.testcases.HomePageTest">
    <skipped/>
  </testcase> <!-- clickAppt -->
  <testcase name="checkUpcomingsection" time="0.0" classname="com.htap.qa.testcases.AppointmentPageTest">
    <skipped/>
  </testcase> <!-- checkUpcomingsection -->
  <testcase name="checkPastSection" time="0.0" classname="com.htap.qa.testcases.AppointmentPageTest">
    <skipped/>
  </testcase> <!-- checkPastSection -->
  <testcase name="checkShowMore" time="0.0" classname="com.htap.qa.testcases.AppointmentPageTest">
    <skipped/>
  </testcase> <!-- checkShowMore -->
</testsuite> <!-- Test cases for Healthtap regression -->
