<?xml version="1.0" encoding="UTF-8"?>
<!-- Generated by org.testng.reporters.JUnitXMLReporter -->
<testsuite hostname="Sanjays-MacBook-Air.local" name="Test cases for Healthtap smoke" tests="3" failures="0" timestamp="21 Apr 2019 20:45:01 GMT" time="25.555" errors="0">
  <testcase name="loginPageTitleTest" time="0.02" classname="com.htap.qa.testcases.LoginPageTest"/>
  <testcase name="testLogo" time="0.053" classname="com.htap.qa.testcases.LoginPageTest"/>
  <testcase name="checkLogin" time="0.865" classname="com.htap.qa.testcases.LoginPageTest"/>
</testsuite> <!-- Test cases for Healthtap smoke -->
