<?xml version="1.0" encoding="UTF-8"?>
<!-- Generated by org.testng.reporters.JUnitXMLReporter -->
<testsuite hostname="Sanjays-MacBook-Air.local" name="Test" tests="11" failures="1" timestamp="21 Apr 2019 19:02:00 GMT" time="142.677" errors="0">
  <testcase name="loginPageTitleTest" time="0.015" classname="com.htap.qa.testcases.LoginPageTest"/>
  <testcase name="testLogo" time="0.047" classname="com.htap.qa.testcases.LoginPageTest"/>
  <testcase name="checkLogin" time="0.773" classname="com.htap.qa.testcases.LoginPageTest"/>
  <testcase name="verifyHomepageTitle" time="0.009" classname="com.htap.qa.testcases.HomePageTest">
    <failure type="java.lang.AssertionError" message="expected [Home - DrConnect by HealthTap] but found [DrConnect by HealthTap]">
      <![CDATA[java.lang.AssertionError: expected [Home - DrConnect by HealthTap] but found [DrConnect by HealthTap]
	at com.htap.qa.testcases.HomePageTest.verifyHomepageTitle(HomePageTest.java:36)
... Removed 30 stack frames]]>
    </failure>
  </testcase> <!-- verifyHomepageTitle -->
  <testcase name="verifylogo" time="9.723" classname="com.htap.qa.testcases.HomePageTest"/>
  <testcase name="checkUserlabel" time="9.671" classname="com.htap.qa.testcases.HomePageTest"/>
  <testcase name="clickTask" time="11.524" classname="com.htap.qa.testcases.HomePageTest"/>
  <testcase name="clickAppt" time="11.317" classname="com.htap.qa.testcases.HomePageTest"/>
  <testcase name="checkUpcomingsection" time="0.046" classname="com.htap.qa.testcases.AppointmentPageTest"/>
  <testcase name="checkPastSection" time="0.034" classname="com.htap.qa.testcases.AppointmentPageTest"/>
  <testcase name="checkShowMore" time="4.12" classname="com.htap.qa.testcases.AppointmentPageTest"/>
</testsuite> <!-- Test -->
