<?xml version="1.0" encoding="UTF-8"?>
<!-- Generated by org.testng.reporters.JUnitXMLReporter -->
<testsuite hostname="Sanjays-MacBook-Air.local" name="Test" tests="6" failures="1" timestamp="21 Apr 2019 17:30:47 GMT" time="57.256" errors="0">
  <testcase name="loginPageTitleTest" time="0.018" classname="com.htap.qa.testcases.LoginPageTest"/>
  <testcase name="testLogo" time="0.054" classname="com.htap.qa.testcases.LoginPageTest"/>
  <testcase name="checkLogin" time="0.679" classname="com.htap.qa.testcases.LoginPageTest"/>
  <testcase name="verifyHomepageTitle" time="0.012" classname="com.htap.qa.testcases.HomePageTest">
    <failure type="java.lang.AssertionError" message="expected [Home - DrConnect by HealthTap] but found [DrConnect by HealthTap]">
      <![CDATA[java.lang.AssertionError: expected [Home - DrConnect by HealthTap] but found [DrConnect by HealthTap]
	at com.htap.qa.testcases.HomePageTest.verifyHomepageTitle(HomePageTest.java:31)
... Removed 30 stack frames]]>
    </failure>
  </testcase> <!-- verifyHomepageTitle -->
  <testcase name="verifylogo" time="9.823" classname="com.htap.qa.testcases.HomePageTest"/>
  <testcase name="checkUserlabel" time="8.233" classname="com.htap.qa.testcases.HomePageTest"/>
</testsuite> <!-- Test -->
