<?xml version="1.0" encoding="UTF-8"?>
<!-- Generated by org.testng.reporters.JUnitXMLReporter -->
<testsuite hostname="Sanjays-MacBook-Air.local" name="Test(failed)" tests="1" failures="1" timestamp="21 Apr 2019 17:30:58 GMT" time="6.129" errors="0">
  <testcase name="verifyHomepageTitle" time="0.006" classname="com.htap.qa.testcases.HomePageTest">
    <failure type="java.lang.AssertionError" message="expected [Home - DrConnect by HealthTap] but found [DrConnect by HealthTap]">
      <![CDATA[java.lang.AssertionError: expected [Home - DrConnect by HealthTap] but found [DrConnect by HealthTap]
	at com.htap.qa.testcases.HomePageTest.verifyHomepageTitle(HomePageTest.java:31)
... Removed 30 stack frames]]>
    </failure>
  </testcase> <!-- verifyHomepageTitle -->
</testsuite> <!-- Test(failed) -->
