<?xml version="1.0" encoding="UTF-8"?>
<testng-results skipped="3" failed="0" total="3" passed="0">
  <reporter-output>
  </reporter-output>
  <suite name="Default suite" duration-ms="42" started-at="2019-04-21T21:37:13Z" finished-at="2019-04-21T21:37:13Z">
    <groups>
    </groups>
    <test name="Default test" duration-ms="42" started-at="2019-04-21T21:37:13Z" finished-at="2019-04-21T21:37:13Z">
      <class name="com.htap.qa.testcases.AppointmentPageTest">
        <test-method status="FAIL" signature="setup()[pri:0, instance:com.htap.qa.testcases.AppointmentPageTest@4c203ea1]" name="setup" is-config="true" duration-ms="0" started-at="2019-04-22T03:07:13Z" finished-at="2019-04-22T03:07:13Z">
          <exception class="java.lang.NullPointerException">
            <full-stacktrace>
              <![CDATA[java.lang.NullPointerException
	at com.htap.qa.base.TestBase.initialization(TestBase.java:46)
	at com.htap.qa.testcases.AppointmentPageTest.setup(AppointmentPageTest.java:25)
	at sun.reflect.NativeMethodAccessorImpl.invoke0(Native Method)
	at sun.reflect.NativeMethodAccessorImpl.invoke(NativeMethodAccessorImpl.java:62)
	at sun.reflect.DelegatingMethodAccessorImpl.invoke(DelegatingMethodAccessorImpl.java:43)
	at java.lang.reflect.Method.invoke(Method.java:498)
	at org.testng.internal.MethodInvocationHelper.invokeMethod(MethodInvocationHelper.java:86)
	at org.testng.internal.Invoker.invokeConfigurationMethod(Invoker.java:514)
	at org.testng.internal.Invoker.invokeConfigurations(Invoker.java:215)
	at org.testng.internal.Invoker.invokeMethod(Invoker.java:589)
	at org.testng.internal.Invoker.invokeTestMethod(Invoker.java:822)
	at org.testng.internal.Invoker.invokeTestMethods(Invoker.java:1130)
	at org.testng.internal.TestMethodWorker.invokeTestMethods(TestMethodWorker.java:129)
	at org.testng.internal.TestMethodWorker.run(TestMethodWorker.java:112)
	at org.testng.TestRunner.privateRun(TestRunner.java:782)
	at org.testng.TestRunner.run(TestRunner.java:632)
	at org.testng.SuiteRunner.runTest(SuiteRunner.java:366)
	at org.testng.SuiteRunner.runSequentially(SuiteRunner.java:361)
	at org.testng.SuiteRunner.privateRun(SuiteRunner.java:319)
	at org.testng.SuiteRunner.run(SuiteRunner.java:268)
	at org.testng.SuiteRunnerWorker.runSuite(SuiteRunnerWorker.java:52)
	at org.testng.SuiteRunnerWorker.run(SuiteRunnerWorker.java:86)
	at org.testng.TestNG.runSuitesSequentially(TestNG.java:1244)
	at org.testng.TestNG.runSuitesLocally(TestNG.java:1169)
	at org.testng.TestNG.run(TestNG.java:1064)
	at org.testng.remote.RemoteTestNG.run(RemoteTestNG.java:113)
	at org.testng.remote.RemoteTestNG.initAndRun(RemoteTestNG.java:206)
	at org.testng.remote.RemoteTestNG.main(RemoteTestNG.java:177)
]]>
            </full-stacktrace>
          </exception> <!-- java.lang.NullPointerException -->
          <reporter-output>
          </reporter-output>
        </test-method> <!-- setup -->
        <test-method status="SKIP" signature="checkUpcomingsection()[pri:1, instance:com.htap.qa.testcases.AppointmentPageTest@4c203ea1]" name="checkUpcomingsection" duration-ms="1" started-at="2019-04-22T03:07:13Z" finished-at="2019-04-22T03:07:13Z">
          <reporter-output>
          </reporter-output>
        </test-method> <!-- checkUpcomingsection -->
        <test-method status="SKIP" signature="teardown()[pri:0, instance:com.htap.qa.testcases.AppointmentPageTest@4c203ea1]" name="teardown" is-config="true" duration-ms="0" started-at="2019-04-22T03:07:13Z" finished-at="2019-04-22T03:07:13Z">
          <reporter-output>
          </reporter-output>
        </test-method> <!-- teardown -->
        <test-method status="SKIP" signature="setup()[pri:0, instance:com.htap.qa.testcases.AppointmentPageTest@4c203ea1]" name="setup" is-config="true" duration-ms="0" started-at="2019-04-22T03:07:13Z" finished-at="2019-04-22T03:07:13Z">
          <reporter-output>
          </reporter-output>
        </test-method> <!-- setup -->
        <test-method status="SKIP" signature="checkPastSection()[pri:2, instance:com.htap.qa.testcases.AppointmentPageTest@4c203ea1]" name="checkPastSection" duration-ms="1" started-at="2019-04-22T03:07:13Z" finished-at="2019-04-22T03:07:13Z">
          <reporter-output>
          </reporter-output>
        </test-method> <!-- checkPastSection -->
        <test-method status="SKIP" signature="teardown()[pri:0, instance:com.htap.qa.testcases.AppointmentPageTest@4c203ea1]" name="teardown" is-config="true" duration-ms="0" started-at="2019-04-22T03:07:13Z" finished-at="2019-04-22T03:07:13Z">
          <reporter-output>
          </reporter-output>
        </test-method> <!-- teardown -->
        <test-method status="SKIP" signature="setup()[pri:0, instance:com.htap.qa.testcases.AppointmentPageTest@4c203ea1]" name="setup" is-config="true" duration-ms="0" started-at="2019-04-22T03:07:13Z" finished-at="2019-04-22T03:07:13Z">
          <reporter-output>
          </reporter-output>
        </test-method> <!-- setup -->
        <test-method status="SKIP" signature="checkShowMore()[pri:3, instance:com.htap.qa.testcases.AppointmentPageTest@4c203ea1]" name="checkShowMore" duration-ms="1" started-at="2019-04-22T03:07:13Z" finished-at="2019-04-22T03:07:13Z">
          <reporter-output>
          </reporter-output>
        </test-method> <!-- checkShowMore -->
        <test-method status="SKIP" signature="teardown()[pri:0, instance:com.htap.qa.testcases.AppointmentPageTest@4c203ea1]" name="teardown" is-config="true" duration-ms="0" started-at="2019-04-22T03:07:13Z" finished-at="2019-04-22T03:07:13Z">
          <reporter-output>
          </reporter-output>
        </test-method> <!-- teardown -->
      </class> <!-- com.htap.qa.testcases.AppointmentPageTest -->
    </test> <!-- Default test -->
  </suite> <!-- Default suite -->
</testng-results>
